[2025-12-16 18:39:42] GET /index.html
[2025-12-16 18:41:24] GET /index.html
[2025-12-16 18:41:24] GET /styles/style.css
[2025-12-16 18:41:24] GET /js/index.js
[2025-12-16 18:41:24] A user connected: gp6CnXVcIXb0RUdbAAAB
[2025-12-16 18:41:24] GET /favicon.ico
[2025-12-16 18:41:33] Lobby coollobby created by ian
[2025-12-16 18:41:33] GET /game.html
[2025-12-16 18:41:33] User disconnected: gp6CnXVcIXb0RUdbAAAB
[2025-12-16 18:41:33] GET /styles/style.css
[2025-12-16 18:41:33] GET /js/game.js
[2025-12-16 18:41:33] A user connected: ED8LDrbEL4BTHekqAAAD
[2025-12-16 23:21:46] GET /index.html
[2025-12-16 23:21:46] GET /styles/styles.css
[2025-12-16 23:21:46] GET /js/index.js
[2025-12-16 23:21:46] A user connected: OtHvchFsDcBBJW2FAAAB
[2025-12-16 23:21:52] Lobby 1234 created by ian
[2025-12-16 23:21:52] GET /game.html
[2025-12-16 23:21:52] User disconnected: OtHvchFsDcBBJW2FAAAB
[2025-12-16 23:21:52] GET /styles/styles.css
[2025-12-16 23:21:52] GET /js/game.js
[2025-12-16 23:21:52] A user connected: oBs1oGZZNXsgDzbSAAAD
[2025-12-16 23:22:39] User disconnected: oBs1oGZZNXsgDzbSAAAD
[2025-12-16 23:27:47] GET /
[2025-12-16 23:27:47] GET /styles/styles.css
[2025-12-16 23:27:47] GET /js/index.js
[2025-12-16 23:27:47] A user connected: CUyo4GEOiwuhPvO1AAAB
[2025-12-16 23:28:01] Lobby kaldw created by ia2
[2025-12-16 23:28:01] GET /game.html
[2025-12-16 23:28:01] User disconnected: CUyo4GEOiwuhPvO1AAAB
[2025-12-16 23:28:01] GET /styles/styles.css
[2025-12-16 23:28:01] GET /js/game.js
[2025-12-16 23:28:01] A user connected: S-ZxL1EcpWFMpdZgAAAD
[2025-12-16 23:30:36] A user connected: DICAtyIXAeR8oSgcAAAB
[2025-12-16 23:30:42] GET /
[2025-12-16 23:30:42] User disconnected: DICAtyIXAeR8oSgcAAAB
[2025-12-16 23:30:42] GET /styles/styles.css
[2025-12-16 23:30:42] GET /js/index.js
[2025-12-16 23:30:42] A user connected: cdlNLdQyICTUE2WcAAAD
[2025-12-16 23:30:57] Lobby 12345421 created by 1234111
[2025-12-16 23:30:57] GET /game.html
[2025-12-16 23:30:57] User disconnected: cdlNLdQyICTUE2WcAAAD
[2025-12-16 23:30:57] GET /styles/styles.css
[2025-12-16 23:30:57] GET /js/game.js
[2025-12-16 23:30:57] A user connected: whVpVRwRZtKDHeNlAAAF
[2025-12-17 00:25:21] User disconnected: whVpVRwRZtKDHeNlAAAF
[2025-12-17 00:40:56] A user connected: irawGeyZRlHhVmP-AAAH
[2025-12-17 01:08:03] User disconnected: irawGeyZRlHhVmP-AAAH
[2025-12-17 09:03:44] A user connected: AGg1XSyiEzOVFHADAAAJ
[2025-12-17 09:06:49] User disconnected: AGg1XSyiEzOVFHADAAAJ
[2025-12-17 09:37:00] GET /
[2025-12-17 09:37:00] GET /styles/styles.css
[2025-12-17 09:37:00] GET /js/index.js
[2025-12-17 09:37:00] A user connected: jpaxwXNZ3dBcKeRHAAAL
[2025-12-17 09:37:00] GET /images/background.png
[2025-12-17 09:37:04] User disconnected: jpaxwXNZ3dBcKeRHAAAL
[2025-12-18 13:31:21] GET /
[2025-12-18 13:31:21] GET /styles/styles.css
[2025-12-18 13:31:21] GET /js/index.js
[2025-12-18 13:31:21] A user connected: SrrsPOm8UdM-ja1FAAAB
[2025-12-18 13:31:22] GET /images/background.png
[2025-12-18 13:31:28] Lobby isn created by hej
[2025-12-18 13:31:28] GET /game.html
[2025-12-18 13:31:28] User disconnected: SrrsPOm8UdM-ja1FAAAB
[2025-12-18 13:31:28] GET /styles/styles.css
[2025-12-18 13:31:28] GET /js/game.js
[2025-12-18 13:31:29] A user connected: u48b-MLyyn1KdERDAAAD
[2025-12-18 13:31:33] GET /images/card-back.png
[2025-12-18 13:34:17] A user connected: Ilmodf-UNqU7BMqFAAAB
[2025-12-18 13:34:19] User disconnected: Ilmodf-UNqU7BMqFAAAB
[2025-12-18 13:34:20] GET /
[2025-12-18 13:34:20] GET /styles/styles.css
[2025-12-18 13:34:20] GET /js/index.js
[2025-12-18 13:34:20] GET /images/background.png
[2025-12-18 13:34:20] A user connected: Wpy2ifuSDJWyu7gZAAAD
[2025-12-18 13:34:26] Lobby hej created by alfi
[2025-12-18 13:34:26] GET /game.html
[2025-12-18 13:34:26] User disconnected: Wpy2ifuSDJWyu7gZAAAD
[2025-12-18 13:34:26] GET /styles/styles.css
[2025-12-18 13:34:26] GET /js/game.js
[2025-12-18 13:34:26] A user connected: ZWCFqOy1ZGtzoHs9AAAF
[2025-12-18 13:34:27] GET /images/card-back.png
[2025-12-18 13:36:01] A user connected: o9HthgfeuNUl-lzLAAAB
[2025-12-18 13:36:06] GET /game.html
[2025-12-18 13:36:06] User disconnected: o9HthgfeuNUl-lzLAAAB
[2025-12-18 13:36:06] GET /styles/styles.css
[2025-12-18 13:36:06] GET /js/game.js
[2025-12-18 13:36:06] GET /images/background.png
[2025-12-18 13:36:06] A user connected: QxNdeG03lWBpqgA0AAAD
[2025-12-18 13:36:09] GET /images/card-back.png
[2025-12-18 13:38:02] A user connected: HNfYAVu6OLcc1CnvAAAB
[2025-12-18 13:38:02] User disconnected: HNfYAVu6OLcc1CnvAAAB
[2025-12-18 13:38:05] GET /
[2025-12-18 13:38:05] GET /styles/styles.css
[2025-12-18 13:38:05] GET /js/index.js
[2025-12-18 13:38:05] GET /images/background.png
[2025-12-18 13:38:05] A user connected: DXfzOkM8UP4dnCIjAAAD
[2025-12-18 13:38:13] Lobby 12341234 created by hejdwq
[2025-12-18 13:38:13] GET /game.html
[2025-12-18 13:38:13] User disconnected: DXfzOkM8UP4dnCIjAAAD
[2025-12-18 13:38:13] GET /styles/styles.css
[2025-12-18 13:38:13] GET /js/game.js
[2025-12-18 13:38:13] A user connected: q-72dejzBVwhP83MAAAF
[2025-12-18 13:38:16] GET /images/card-back.png
[2025-12-18 13:39:19] User disconnected: q-72dejzBVwhP83MAAAF
[2025-12-18 13:39:31] GET /
[2025-12-18 13:39:31] GET /styles/styles.css
[2025-12-18 13:39:31] GET /js/index.js
[2025-12-18 13:39:31] GET /images/background.png
[2025-12-18 13:39:31] A user connected: WdKrM3Sil05nxKXZAAAB
[2025-12-18 13:39:44] Lobby jdoiwqjdoiwq created by wdqoijjoiq
[2025-12-18 13:39:44] GET /game.html
[2025-12-18 13:39:44] User disconnected: WdKrM3Sil05nxKXZAAAB
[2025-12-18 13:39:44] GET /styles/styles.css
[2025-12-18 13:39:45] GET /js/game.js
[2025-12-18 13:39:45] A user connected: Hdsj49Y563UucF7wAAAD
[2025-12-18 13:39:47] GET /images/card-back.png
[2025-12-18 13:40:44] User disconnected: Hdsj49Y563UucF7wAAAD
